* using log directory ‘/home/atmunr/Programming/IQUIR/univar_ejcr_r-api/..Rcheck’
* using R version 3.6.2 (2019-12-12)
* using platform: x86_64-pc-linux-gnu (64-bit)
* using session charset: UTF-8
* checking for file ‘./DESCRIPTION’ ... OK
* this is package ‘univarejcrr.api’ version ‘1.0’
* package encoding: UTF-8
* checking package namespace information ... OK
* checking package dependencies ... OK
* checking if this is a source package ... OK
* checking if there is a namespace ... OK
* checking for executable files ... OK
* checking for hidden files and directories ... NOTE
Found the following hidden files and directories:
  ..Rcheck
  .git
These were most likely included in error. See section ‘Package
structure’ in the ‘Writing R Extensions’ manual.
* checking for portable file names ... OK
* checking for sufficient/correct file permissions ... OK
* checking whether package ‘univarejcrr.api’ can be installed ... OK
* checking installed package size ... OK
* checking package directory ... OK
* checking DESCRIPTION meta-information ... NOTE
License components which are templates and need '+ file LICENSE':
  MIT
Checking should be performed on sources prepared by ‘R CMD build’.
* checking top-level files ... OK
* checking for left-over files ... OK
* checking index information ... OK
* checking package subdirectories ... WARNING
Found directory ‘R’ with no source files.
Found the following directory with the name of a check directory:
  ./..Rcheck
Most likely, these were included erroneously.
* checking R files for non-ASCII characters ... OK
* checking R files for syntax errors ... OK
* checking whether the package can be loaded ... OK
* checking whether the package can be loaded with stated dependencies ... OK
* checking whether the package can be unloaded cleanly ... OK
* checking whether the namespace can be loaded with stated dependencies ... OK
* checking whether the namespace can be unloaded cleanly ... OK
* checking loading without being on the library search path ... OK
* checking dependencies in R code ... NOTE
Error in tools:::.check_packages_used(package = "univarejcrr.api") : 
  directory '/home/atmunr/Programming/IQUIR/univar_ejcr_r-api/..Rcheck/univarejcrr.api' does not contain R code
Execution halted
* checking S3 generic/method consistency ... WARNING
Error in tools::checkS3methods(package = "univarejcrr.api") : 
  directory '/home/atmunr/Programming/IQUIR/univar_ejcr_r-api/..Rcheck/univarejcrr.api' does not contain R code
Execution halted
See section ‘Generic functions and methods’ in the ‘Writing R
Extensions’ manual.
* checking replacement functions ... WARNING
Error in tools::checkReplaceFuns(package = "univarejcrr.api") : 
  directory '/home/atmunr/Programming/IQUIR/univar_ejcr_r-api/..Rcheck/univarejcrr.api' does not contain R code
Execution halted
The argument of a replacement function which corresponds to the right
hand side must be named ‘value’.
* checking foreign function calls ... NOTE
Error in tools::checkFF(package = "univarejcrr.api", registration = FALSE,  : 
  directory '/home/atmunr/Programming/IQUIR/univar_ejcr_r-api/..Rcheck/univarejcrr.api' does not contain R code
Execution halted
See chapter ‘System and foreign language interfaces’ in the ‘Writing R
Extensions’ manual.
* checking R code for possible problems ... OK
* checking for missing documentation entries ... OK
* checking examples ... NONE
* checking PDF version of manual ... OK
* DONE
Status: 3 WARNINGs, 4 NOTEs
